<?xml version="1.0" encoding="UTF-8"?>
<!-- Generated by org.testng.reporters.JUnitReportReporter -->
<testsuite hostname="DESKTOP-N3LRL61" failures="0" tests="1" name="Practice.Booking" time="1.436" errors="0" timestamp="2023-11-28T11:38:17 IST" skipped="0">
  <testcase classname="Practice.Booking" name="create_Bokoing" time="1.436"/>
  <system-out/>
</testsuite> <!-- Practice.Booking -->
