<?xml version="1.0" encoding="UTF-8"?>
<!-- Generated by org.testng.reporters.JUnitReportReporter -->
<testsuite hostname="DESKTOP-N3LRL61" failures="0" tests="1" name="Practice.Demo_Get" time="3.616" errors="0" timestamp="2023-11-06T10:00:00 IST" skipped="0">
  <testcase classname="Practice.Demo_Get" name="GET_Test" time="3.616"/>
  <system-out/>
</testsuite> <!-- Practice.Demo_Get -->
