<?xml version="1.0" encoding="UTF-8"?>
<!-- Generated by org.testng.reporters.JUnitReportReporter -->
<testsuite hostname="DESKTOP-N3LRL61" failures="0" tests="2" name="API_Test.DemoGetCall" time="4.557" errors="0" timestamp="2023-10-20T19:20:34 IST" skipped="0">
  <testcase classname="API_Test.DemoGetCall" name="testGetUser" time="3.140"/>
  <system-out/>
  <testcase classname="API_Test.DemoGetCall" name="testquerryparam" time="1.417"/>
  <system-out/>
</testsuite> <!-- API_Test.DemoGetCall -->
