<?xml version="1.0" encoding="UTF-8"?>
<!-- Generated by org.testng.reporters.JUnitReportReporter -->
<testsuite hostname="DESKTOP-N3LRL61" failures="0" tests="1" name="Auth_Token.Token" time="3.606" errors="0" timestamp="2023-11-28T12:50:02 IST" skipped="0">
  <testcase classname="Auth_Token.Token" name="Create_Token" time="3.606"/>
  <system-out/>
</testsuite> <!-- Auth_Token.Token -->
