<?xml version="1.0" encoding="UTF-8"?>
<!-- Generated by org.testng.reporters.JUnitReportReporter -->
<testsuite hostname="DESKTOP-N3LRL61" failures="0" tests="1" name="API_Test_POJO.Post_call" time="1.980" errors="0" timestamp="2023-10-21T11:01:36 IST" skipped="0">
  <testcase classname="API_Test_POJO.Post_call" name="testwithpojoclass" time="1.980"/>
  <system-out/>
</testsuite> <!-- API_Test_POJO.Post_call -->
