<?xml version="1.0" encoding="UTF-8"?>
<!-- Generated by org.testng.reporters.JUnitReportReporter -->
<testsuite hostname="DESKTOP-N3LRL61" failures="0" tests="2" name="API_Test.Post_Test2" time="1.382" errors="0" timestamp="2023-10-21T10:45:59 IST" skipped="0">
  <testcase classname="API_Test.Post_Test2" name="createuserJsonString" time="0.755"/>
  <system-out/>
  <testcase classname="API_Test.Post_Test2" name="createuserJsonfile" time="0.627"/>
  <system-out/>
</testsuite> <!-- API_Test.Post_Test2 -->
