<?xml version="1.0" encoding="UTF-8"?>
<!-- Generated by org.testng.reporters.JUnitReportReporter -->
<testsuite hostname="DESKTOP-N3LRL61" failures="0" tests="2" name="API_Test.headers_Demo" time="1.529" errors="0" timestamp="2023-10-20T20:17:10 IST" skipped="0">
  <testcase classname="API_Test.headers_Demo" name="testGetUser1" time="1.190"/>
  <system-out/>
  <testcase classname="API_Test.headers_Demo" name="testGetUser2" time="0.339"/>
  <system-out/>
</testsuite> <!-- API_Test.headers_Demo -->
