<?xml version="1.0" encoding="UTF-8"?>
<!-- Generated by org.testng.reporters.JUnitReportReporter -->
<testsuite hostname="DESKTOP-N3LRL61" failures="0" tests="1" name="Practice.Demo_Post_call" time="1.700" errors="0" timestamp="2023-11-06T11:40:06 IST" skipped="0">
  <testcase classname="Practice.Demo_Post_call" name="Post_Test" time="1.700"/>
  <system-out/>
</testsuite> <!-- Practice.Demo_Post_call -->
