<?xml version="1.0" encoding="UTF-8"?>
<!-- Generated by org.testng.reporters.JUnitReportReporter -->
<testsuite hostname="DESKTOP-N3LRL61" failures="0" tests="2" name="API_Test.Post_Test" time="2.435" errors="0" timestamp="2023-10-20T20:41:35 IST" skipped="0">
  <testcase classname="API_Test.Post_Test" name="postuser" time="1.438"/>
  <system-out/>
  <testcase classname="API_Test.Post_Test" name="getpostuser" time="0.997"/>
  <system-out/>
</testsuite> <!-- API_Test.Post_Test -->
